<?xml version="1.0" encoding="UTF-8"?>
<!-- Generated by org.testng.reporters.JUnitXMLReporter -->
<testsuite ignored="0" hostname="LAPTOP-1AB76RU1" failures="0" tests="3" name="Test" time="48.676" errors="0" timestamp="2023-07-26T09:04:54 IST">
  <testcase classname="eCommerce.Flipkart" name="flipkarttest" time="18.003"/>
  <testcase classname="eCommerce.Myntra" name="myntraTest" time="18.277"/>
  <testcase classname="eCommerce.Amazone" name="amazontest" time="12.318"/>
</testsuite> <!-- Test -->
