<?xml version="1.0" encoding="UTF-8"?>
<testng-results ignored="0" total="3" passed="3" failed="0" skipped="0">
  <reporter-output>
    <line>
      <![CDATA[Opening flipkart]]>
    </line>
    <line>
      <![CDATA[opening myntra]]>
    </line>
    <line>
      <![CDATA[opening amazhone]]>
    </line>
  </reporter-output>
  <suite started-at="2023-07-26T09:04:05 IST" name="Suite" finished-at="2023-07-26T09:04:54 IST" duration-ms="48676">
    <groups>
    </groups>
    <test started-at="2023-07-26T09:04:05 IST" name="Test" finished-at="2023-07-26T09:04:54 IST" duration-ms="48676">
      <class name="eCommerce.Myntra">
        <test-method signature="myntraTest()[pri:0, instance:eCommerce.Myntra@4738a206]" started-at="2023-07-26T09:04:23 IST" name="myntraTest" finished-at="2023-07-26T09:04:42 IST" duration-ms="18277" status="PASS">
          <reporter-output>
            <line>
              <![CDATA[opening myntra]]>
            </line>
          </reporter-output>
        </test-method> <!-- myntraTest -->
      </class> <!-- eCommerce.Myntra -->
      <class name="eCommerce.Flipkart">
        <test-method signature="flipkarttest()[pri:0, instance:eCommerce.Flipkart@4d465b11]" started-at="2023-07-26T09:04:05 IST" name="flipkarttest" finished-at="2023-07-26T09:04:23 IST" duration-ms="18003" status="PASS">
          <reporter-output>
            <line>
              <![CDATA[Opening flipkart]]>
            </line>
          </reporter-output>
        </test-method> <!-- flipkarttest -->
      </class> <!-- eCommerce.Flipkart -->
      <class name="eCommerce.Amazone">
        <test-method signature="amazontest()[pri:0, instance:eCommerce.Amazone@66d3eec0]" started-at="2023-07-26T09:04:42 IST" name="amazontest" finished-at="2023-07-26T09:04:54 IST" duration-ms="12318" status="PASS">
          <reporter-output>
            <line>
              <![CDATA[opening amazhone]]>
            </line>
          </reporter-output>
        </test-method> <!-- amazontest -->
      </class> <!-- eCommerce.Amazone -->
    </test> <!-- Test -->
  </suite> <!-- Suite -->
</testng-results>
